Metoda A_star_optim
Numarul de solutii generate: 1

Solutia nr 1: 
0)
[1, 4]  [4, 19]  				
[2, 3]  [4, 20]  		[2, 4]  
[3, 5]  [5, 9]  		[1, 8]  
--------------------------------
Costul drumului: 0     Costul mutarii: 0

1)
[1, 4]  [4, 19]  				
[2, 3]  [4, 20]  				
[3, 5]  [5, 9]  [2, 4]  [1, 8]  
--------------------------------
Costul drumului: 2     Costul mutarii: 2

2)
		[4, 19]  				
[2, 3]  [4, 20]  		[1, 4]  
[3, 5]  [5, 9]  [2, 4]  [1, 8]  
--------------------------------
Costul drumului: 5     Costul mutarii: 3

3)
		[4, 19]  		[2, 4]  
[2, 3]  [4, 20]  		[1, 4]  
[3, 5]  [5, 9]  		[1, 8]  
--------------------------------
Costul drumului: 7     Costul mutarii: 2

4)
						[2, 3]  
		[4, 19]  		[2, 4]  
		[4, 20]  		[1, 4]  
[3, 5]  [5, 9]  		[1, 8]  
--------------------------------
Costul drumului: 8     Costul mutarii: 1

5)
						[3, 5]  
						[2, 3]  
		[4, 19]  		[2, 4]  
		[4, 20]  		[1, 4]  
		[5, 9]  		[1, 8]  
--------------------------------
Costul drumului: 10     Costul mutarii: 2

6)
						[3, 5]  
						[2, 3]  
						[2, 4]  
		[4, 20]  		[1, 4]  
[4, 19]  [5, 9]  		[1, 8]  
--------------------------------
Costul drumului: 25     Costul mutarii: 15

7)
						[3, 5]  
						[2, 3]  
						[2, 4]  
						[1, 4]  
[4, 19]  [5, 9]  [4, 20]  [1, 8]  
--------------------------------
Costul drumului: 41     Costul mutarii: 16

8)
						[3, 5]  
						[2, 3]  
						[2, 4]  
[5, 9]  				[1, 4]  
[4, 19]  		[4, 20]  [1, 8]  
--------------------------------
Costul drumului: 45     Costul mutarii: 4

9)
						[2, 3]  
						[2, 4]  
[5, 9]  				[1, 4]  
[4, 19]  [3, 5]  [4, 20]  [1, 8]  
--------------------------------
Costul drumului: 47     Costul mutarii: 2

Drum de lungime: 9
Costul total: 47
Timpul de executie: 2664.9976 ms | 2.6650 s
Numarul maxim de noduri existente in memorie: 11797
Numarul total de noduri calculate: 22382

################################################ 

