Metoda A_star_optim
Numarul de solutii generate: 1

Solutia nr 1: 
0)
[6, 14]  						
[2, 4]  [3, 6]  [2, 8]  		
[2, 11]  [2, 8]  [5, 10]  		
[1, 9]  [2, 5]  [9, 11]  [1, 9]  
--------------------------------
Costul drumului: 0     Costul mutarii: 0

1)
[6, 14]  		[3, 6]  		
[2, 4]  		[2, 8]  		
[2, 11]  [2, 8]  [5, 10]  		
[1, 9]  [2, 5]  [9, 11]  [1, 9]  
--------------------------------
Costul drumului: 3     Costul mutarii: 3

2)
[6, 14]  		[3, 6]  		
[2, 4]  		[2, 8]  		
[2, 11]  		[5, 10]  [2, 8]  
[1, 9]  [2, 5]  [9, 11]  [1, 9]  
--------------------------------
Costul drumului: 9     Costul mutarii: 6

3)
[6, 14]  		[3, 6]  		
[2, 4]  		[2, 8]  [2, 5]  
[2, 11]  		[5, 10]  [2, 8]  
[1, 9]  		[9, 11]  [1, 9]  
--------------------------------
Costul drumului: 12     Costul mutarii: 3

4)
				[3, 6]  		
[2, 4]  		[2, 8]  [2, 5]  
[2, 11]  		[5, 10]  [2, 8]  
[1, 9]  [6, 14]  [9, 11]  [1, 9]  
--------------------------------
Costul drumului: 20     Costul mutarii: 8

5)
				[3, 6]  [2, 4]  
				[2, 8]  [2, 5]  
[2, 11]  		[5, 10]  [2, 8]  
[1, 9]  [6, 14]  [9, 11]  [1, 9]  
--------------------------------
Costul drumului: 22     Costul mutarii: 2

6)
						[3, 6]  
						[2, 4]  
				[2, 8]  [2, 5]  
[2, 11]  		[5, 10]  [2, 8]  
[1, 9]  [6, 14]  [9, 11]  [1, 9]  
--------------------------------
Costul drumului: 25     Costul mutarii: 3

7)
						[2, 8]  
						[3, 6]  
						[2, 4]  
						[2, 5]  
[2, 11]  		[5, 10]  [2, 8]  
[1, 9]  [6, 14]  [9, 11]  [1, 9]  
--------------------------------
Costul drumului: 31     Costul mutarii: 6

8)
						[5, 10]  
						[2, 8]  
						[3, 6]  
						[2, 4]  
						[2, 5]  
[2, 11]  				[2, 8]  
[1, 9]  [6, 14]  [9, 11]  [1, 9]  
--------------------------------
Costul drumului: 36     Costul mutarii: 5

9)
						[5, 10]  
						[2, 8]  
						[3, 6]  
						[2, 4]  
						[2, 5]  
[2, 11]  [9, 11]  		[2, 8]  
[1, 9]  [6, 14]  		[1, 9]  
--------------------------------
Costul drumului: 38     Costul mutarii: 2

10)
						[5, 10]  
						[2, 8]  
						[3, 6]  
						[2, 4]  
						[2, 5]  
		[9, 11]  		[2, 8]  
[1, 9]  [6, 14]  [2, 11]  [1, 9]  
--------------------------------
Costul drumului: 47     Costul mutarii: 9

11)
						[2, 8]  
						[3, 6]  
						[2, 4]  
						[2, 5]  
		[9, 11]  [5, 10]  [2, 8]  
[1, 9]  [6, 14]  [2, 11]  [1, 9]  
--------------------------------
Costul drumului: 52     Costul mutarii: 5

12)
						[3, 6]  
						[2, 4]  
						[2, 5]  
[2, 8]  [9, 11]  [5, 10]  [2, 8]  
[1, 9]  [6, 14]  [2, 11]  [1, 9]  
--------------------------------
Costul drumului: 58     Costul mutarii: 6

13)
						[2, 4]  
[3, 6]  				[2, 5]  
[2, 8]  [9, 11]  [5, 10]  [2, 8]  
[1, 9]  [6, 14]  [2, 11]  [1, 9]  
--------------------------------
Costul drumului: 61     Costul mutarii: 3

Drum de lungime: 13
Costul total: 61
Timpul de executie: 8541.9996 ms | 8.5420 s
Numarul maxim de noduri existente in memorie: 34388
Numarul total de noduri calculate: 59189

################################################ 

