Metoda A_star_optim
Numarul de solutii generate: 1

Solutia nr 1: 
0)
[6, 14]  						
[2, 4]  [3, 6]  [2, 8]  		
[2, 11]  [2, 8]  [5, 10]  		
[1, 9]  [2, 5]  [9, 11]  [1, 9]  
--------------------------------
Costul drumului: 0     Costul mutarii: 0

1)
[3, 6]  						
[6, 14]  						
[2, 4]  		[2, 8]  		
[2, 11]  [2, 8]  [5, 10]  		
[1, 9]  [2, 5]  [9, 11]  [1, 9]  
--------------------------------
Costul drumului: 3     Costul mutarii: 3

2)
[3, 6]  						
[6, 14]  						
[2, 4]  		[2, 8]  		
[2, 11]  		[5, 10]  [2, 8]  
[1, 9]  [2, 5]  [9, 11]  [1, 9]  
--------------------------------
Costul drumului: 9     Costul mutarii: 6

3)
[3, 6]  						
[6, 14]  						
[2, 4]  		[2, 8]  [2, 5]  
[2, 11]  		[5, 10]  [2, 8]  
[1, 9]  		[9, 11]  [1, 9]  
--------------------------------
Costul drumului: 12     Costul mutarii: 3

4)
[6, 14]  		[3, 6]  		
[2, 4]  		[2, 8]  [2, 5]  
[2, 11]  		[5, 10]  [2, 8]  
[1, 9]  		[9, 11]  [1, 9]  
--------------------------------
Costul drumului: 15     Costul mutarii: 3

5)
				[3, 6]  		
[2, 4]  		[2, 8]  [2, 5]  
[2, 11]  		[5, 10]  [2, 8]  
[1, 9]  [6, 14]  [9, 11]  [1, 9]  
--------------------------------
Costul drumului: 23     Costul mutarii: 8

6)
				[3, 6]  [2, 4]  
				[2, 8]  [2, 5]  
[2, 11]  		[5, 10]  [2, 8]  
[1, 9]  [6, 14]  [9, 11]  [1, 9]  
--------------------------------
Costul drumului: 25     Costul mutarii: 2

7)
						[2, 11]  
				[3, 6]  [2, 4]  
				[2, 8]  [2, 5]  
				[5, 10]  [2, 8]  
[1, 9]  [6, 14]  [9, 11]  [1, 9]  
--------------------------------
Costul drumului: 34     Costul mutarii: 9

8)
						[2, 11]  
						[2, 4]  
				[2, 8]  [2, 5]  
		[3, 6]  [5, 10]  [2, 8]  
[1, 9]  [6, 14]  [9, 11]  [1, 9]  
--------------------------------
Costul drumului: 37     Costul mutarii: 3

9)
						[2, 11]  
						[2, 4]  
						[2, 5]  
[2, 8]  [3, 6]  [5, 10]  [2, 8]  
[1, 9]  [6, 14]  [9, 11]  [1, 9]  
--------------------------------
Costul drumului: 43     Costul mutarii: 6

10)
						[2, 11]  
						[2, 4]  
[3, 6]  				[2, 5]  
[2, 8]  		[5, 10]  [2, 8]  
[1, 9]  [6, 14]  [9, 11]  [1, 9]  
--------------------------------
Costul drumului: 46     Costul mutarii: 3

11)
						[2, 11]  
[5, 10]  				[2, 4]  
[3, 6]  				[2, 5]  
[2, 8]  				[2, 8]  
[1, 9]  [6, 14]  [9, 11]  [1, 9]  
--------------------------------
Costul drumului: 51     Costul mutarii: 5

12)
						[2, 11]  
[5, 10]  				[2, 4]  
[3, 6]  				[2, 5]  
[2, 8]  [9, 11]  		[2, 8]  
[1, 9]  [6, 14]  		[1, 9]  
--------------------------------
Costul drumului: 53     Costul mutarii: 2

13)
[5, 10]  				[2, 4]  
[3, 6]  				[2, 5]  
[2, 8]  [9, 11]  		[2, 8]  
[1, 9]  [6, 14]  [2, 11]  [1, 9]  
--------------------------------
Costul drumului: 62     Costul mutarii: 9

14)
						[2, 4]  
[3, 6]  				[2, 5]  
[2, 8]  [9, 11]  [5, 10]  [2, 8]  
[1, 9]  [6, 14]  [2, 11]  [1, 9]  
--------------------------------
Costul drumului: 67     Costul mutarii: 5

Drum de lungime: 14
Costul total: 67
Timpul de executie: 1053.0005 ms | 1.0530 s
Numarul maxim de noduri existente in memorie: 5016
Numarul total de noduri calculate: 7078

################################################ 

