Metoda DFI
Numarul de solutii generate: 3

Solutia nr 1: 
0)
[1, 4]  				
[2, 3]  [4, 8]  		
[3, 7]  [1, 9]  [1, 8]  
------------------------
Costul drumului: 0     Costul mutarii: 0

1)
[2, 3]  [4, 8]  [1, 4]  
[3, 7]  [1, 9]  [1, 8]  
------------------------
Costul drumului: 3     Costul mutarii: 3

2)
				[2, 3]  
		[4, 8]  [1, 4]  
[3, 7]  [1, 9]  [1, 8]  
------------------------
Costul drumului: 4     Costul mutarii: 1

Drum de lungime: 2
Costul total: 4
Timpul de executie: 7.9889 ms | 0.0080 s
Numarul maxim de noduri existente in memorie: 3
Numarul total de noduri calculate: 9

#################################### 

Solutia nr 2: 
0)
[1, 4]  				
[2, 3]  [4, 8]  		
[3, 7]  [1, 9]  [1, 8]  
------------------------
Costul drumului: 0     Costul mutarii: 0

1)
		[1, 4]  		
[2, 3]  [4, 8]  		
[3, 7]  [1, 9]  [1, 8]  
------------------------
Costul drumului: 3     Costul mutarii: 3

2)
[2, 3]  [4, 8]  [1, 4]  
[3, 7]  [1, 9]  [1, 8]  
------------------------
Costul drumului: 6     Costul mutarii: 3

3)
				[2, 3]  
		[4, 8]  [1, 4]  
[3, 7]  [1, 9]  [1, 8]  
------------------------
Costul drumului: 7     Costul mutarii: 1

Drum de lungime: 3
Costul total: 7
Timpul de executie: 24.9882 ms | 0.0250 s
Numarul maxim de noduri existente in memorie: 4
Numarul total de noduri calculate: 13

#################################### 

Solutia nr 3: 
0)
[1, 4]  				
[2, 3]  [4, 8]  		
[3, 7]  [1, 9]  [1, 8]  
------------------------
Costul drumului: 0     Costul mutarii: 0

1)
[2, 3]  [4, 8]  [1, 4]  
[3, 7]  [1, 9]  [1, 8]  
------------------------
Costul drumului: 3     Costul mutarii: 3

2)
				[2, 3]  
		[4, 8]  [1, 4]  
[3, 7]  [1, 9]  [1, 8]  
------------------------
Costul drumului: 4     Costul mutarii: 1

Drum de lungime: 2
Costul total: 4
Timpul de executie: 28.9845 ms | 0.0290 s
Numarul maxim de noduri existente in memorie: 3
Numarul total de noduri calculate: 9

#################################### 

