Metoda DFI
Numarul de solutii generate: 3

Solutia nr 1: 
0)
[1, 4]  [4, 19]  				
[2, 3]  [4, 20]  		[2, 4]  
[3, 5]  [5, 9]  		[1, 8]  
--------------------------------
Costul drumului: 0     Costul mutarii: 0

1)
[4, 19]  						
[1, 4]  						
[2, 3]  [4, 20]  		[2, 4]  
[3, 5]  [5, 9]  		[1, 8]  
--------------------------------
Costul drumului: 15     Costul mutarii: 15

2)
[4, 19]  						
[1, 4]  						
[2, 3]  				[2, 4]  
[3, 5]  [5, 9]  [4, 20]  [1, 8]  
--------------------------------
Costul drumului: 31     Costul mutarii: 16

3)
[1, 4]  						
[2, 3]  		[4, 19]  [2, 4]  
[3, 5]  [5, 9]  [4, 20]  [1, 8]  
--------------------------------
Costul drumului: 46     Costul mutarii: 15

4)
[1, 4]  		[5, 9]  		
[2, 3]  		[4, 19]  [2, 4]  
[3, 5]  		[4, 20]  [1, 8]  
--------------------------------
Costul drumului: 50     Costul mutarii: 4

5)
				[5, 9]  		
[2, 3]  		[4, 19]  [2, 4]  
[3, 5]  [1, 4]  [4, 20]  [1, 8]  
--------------------------------
Costul drumului: 53     Costul mutarii: 3

6)
				[5, 9]  		
		[2, 3]  [4, 19]  [2, 4]  
[3, 5]  [1, 4]  [4, 20]  [1, 8]  
--------------------------------
Costul drumului: 54     Costul mutarii: 1

Drum de lungime: 6
Costul total: 54
Timpul de executie: 16426.9977 ms | 16.4270 s
Numarul maxim de noduri existente in memorie: 7
Numarul total de noduri calculate: 42

################################################ 

Solutia nr 2: 
0)
[1, 4]  [4, 19]  				
[2, 3]  [4, 20]  		[2, 4]  
[3, 5]  [5, 9]  		[1, 8]  
--------------------------------
Costul drumului: 0     Costul mutarii: 0

1)
[4, 19]  						
[1, 4]  						
[2, 3]  [4, 20]  		[2, 4]  
[3, 5]  [5, 9]  		[1, 8]  
--------------------------------
Costul drumului: 15     Costul mutarii: 15

2)
[4, 19]  						
[1, 4]  						
[2, 3]  				[2, 4]  
[3, 5]  [5, 9]  [4, 20]  [1, 8]  
--------------------------------
Costul drumului: 31     Costul mutarii: 16

3)
[1, 4]  						
[2, 3]  		[4, 19]  [2, 4]  
[3, 5]  [5, 9]  [4, 20]  [1, 8]  
--------------------------------
Costul drumului: 46     Costul mutarii: 15

4)
[1, 4]  		[5, 9]  		
[2, 3]  		[4, 19]  [2, 4]  
[3, 5]  		[4, 20]  [1, 8]  
--------------------------------
Costul drumului: 50     Costul mutarii: 4

5)
				[5, 9]  		
[2, 3]  		[4, 19]  [2, 4]  
[3, 5]  [1, 4]  [4, 20]  [1, 8]  
--------------------------------
Costul drumului: 53     Costul mutarii: 3

6)
				[5, 9]  [2, 3]  
				[4, 19]  [2, 4]  
[3, 5]  [1, 4]  [4, 20]  [1, 8]  
--------------------------------
Costul drumului: 54     Costul mutarii: 1

Drum de lungime: 6
Costul total: 54
Timpul de executie: 16426.9977 ms | 16.4270 s
Numarul maxim de noduri existente in memorie: 7
Numarul total de noduri calculate: 42

################################################ 

Solutia nr 3: 
0)
[1, 4]  [4, 19]  				
[2, 3]  [4, 20]  		[2, 4]  
[3, 5]  [5, 9]  		[1, 8]  
--------------------------------
Costul drumului: 0     Costul mutarii: 0

1)
[1, 4]  				[4, 19]  
[2, 3]  [4, 20]  		[2, 4]  
[3, 5]  [5, 9]  		[1, 8]  
--------------------------------
Costul drumului: 15     Costul mutarii: 15

2)
[1, 4]  				[4, 19]  
[2, 3]  				[2, 4]  
[3, 5]  [5, 9]  [4, 20]  [1, 8]  
--------------------------------
Costul drumului: 31     Costul mutarii: 16

3)
[1, 4]  						
[2, 3]  		[4, 19]  [2, 4]  
[3, 5]  [5, 9]  [4, 20]  [1, 8]  
--------------------------------
Costul drumului: 46     Costul mutarii: 15

4)
[1, 4]  		[5, 9]  		
[2, 3]  		[4, 19]  [2, 4]  
[3, 5]  		[4, 20]  [1, 8]  
--------------------------------
Costul drumului: 50     Costul mutarii: 4

5)
				[5, 9]  		
[2, 3]  		[4, 19]  [2, 4]  
[3, 5]  [1, 4]  [4, 20]  [1, 8]  
--------------------------------
Costul drumului: 53     Costul mutarii: 3

6)
				[5, 9]  		
		[2, 3]  [4, 19]  [2, 4]  
[3, 5]  [1, 4]  [4, 20]  [1, 8]  
--------------------------------
Costul drumului: 54     Costul mutarii: 1

Drum de lungime: 6
Costul total: 54
Timpul de executie: 24747.9980 ms | 24.7480 s
Numarul maxim de noduri existente in memorie: 7
Numarul total de noduri calculate: 42

################################################ 

