Metoda Greedy
Numarul de solutii generate: 3

Solutia nr 1: 
0)
[1, 4]  				
[2, 3]  [4, 8]  		
[3, 7]  [1, 9]  [1, 8]  
------------------------
Costul drumului: 0     Costul mutarii: 0

1)
[2, 3]  [4, 8]  [1, 4]  
[3, 7]  [1, 9]  [1, 8]  
------------------------
Costul drumului: 3     Costul mutarii: 3

2)
				[2, 3]  
		[4, 8]  [1, 4]  
[3, 7]  [1, 9]  [1, 8]  
------------------------
Costul drumului: 4     Costul mutarii: 1

Drum de lungime: 2
Costul total: 4
Timpul de executie: 3.9983 ms | 0.0040 s
Numarul maxim de noduri existente in memorie: 8
Numarul total de noduri calculate: 9

#################################### 

Solutia nr 2: 
0)
[1, 4]  				
[2, 3]  [4, 8]  		
[3, 7]  [1, 9]  [1, 8]  
------------------------
Costul drumului: 0     Costul mutarii: 0

1)
[1, 4]  				
[2, 3]  		[4, 8]  
[3, 7]  [1, 9]  [1, 8]  
------------------------
Costul drumului: 4     Costul mutarii: 4

2)
[2, 3]  [1, 4]  [4, 8]  
[3, 7]  [1, 9]  [1, 8]  
------------------------
Costul drumului: 7     Costul mutarii: 3

3)
		[2, 3]  		
		[1, 4]  [4, 8]  
[3, 7]  [1, 9]  [1, 8]  
------------------------
Costul drumului: 8     Costul mutarii: 1

Drum de lungime: 3
Costul total: 8
Timpul de executie: 11.0044 ms | 0.0110 s
Numarul maxim de noduri existente in memorie: 19
Numarul total de noduri calculate: 25

#################################### 

Solutia nr 3: 
0)
[1, 4]  				
[2, 3]  [4, 8]  		
[3, 7]  [1, 9]  [1, 8]  
------------------------
Costul drumului: 0     Costul mutarii: 0

1)
[4, 8]  				
[1, 4]  				
[2, 3]  				
[3, 7]  [1, 9]  [1, 8]  
------------------------
Costul drumului: 4     Costul mutarii: 4

2)
[1, 4]  				
[2, 3]  		[4, 8]  
[3, 7]  [1, 9]  [1, 8]  
------------------------
Costul drumului: 8     Costul mutarii: 4

3)
[2, 3]  [1, 4]  [4, 8]  
[3, 7]  [1, 9]  [1, 8]  
------------------------
Costul drumului: 11     Costul mutarii: 3

4)
		[2, 3]  		
		[1, 4]  [4, 8]  
[3, 7]  [1, 9]  [1, 8]  
------------------------
Costul drumului: 12     Costul mutarii: 1

Drum de lungime: 4
Costul total: 12
Timpul de executie: 19.0027 ms | 0.0190 s
Numarul maxim de noduri existente in memorie: 28
Numarul total de noduri calculate: 39

#################################### 

