Metoda IDA_star
Numarul de solutii generate: 3

Solutia nr 1: 
0)
[1, 4]  [4, 19]  				
[2, 3]  [4, 20]  		[2, 4]  
[3, 5]  [5, 9]  		[1, 8]  
--------------------------------
Costul drumului: 0     Costul mutarii: 0

1)
		[4, 19]  				
[2, 3]  [4, 20]  		[2, 4]  
[3, 5]  [5, 9]  [1, 4]  [1, 8]  
--------------------------------
Costul drumului: 3     Costul mutarii: 3

2)
		[4, 19]  				
[2, 3]  [4, 20]  [2, 4]  		
[3, 5]  [5, 9]  [1, 4]  [1, 8]  
--------------------------------
Costul drumului: 5     Costul mutarii: 2

3)
		[4, 19]  [2, 3]  		
		[4, 20]  [2, 4]  		
[3, 5]  [5, 9]  [1, 4]  [1, 8]  
--------------------------------
Costul drumului: 6     Costul mutarii: 1

4)
		[4, 19]  [2, 3]  		
		[4, 20]  [2, 4]  [3, 5]  
		[5, 9]  [1, 4]  [1, 8]  
--------------------------------
Costul drumului: 8     Costul mutarii: 2

5)
				[2, 3]  [4, 19]  
		[4, 20]  [2, 4]  [3, 5]  
		[5, 9]  [1, 4]  [1, 8]  
--------------------------------
Costul drumului: 23     Costul mutarii: 15

6)
				[2, 3]  [4, 19]  
				[2, 4]  [3, 5]  
[4, 20]  [5, 9]  [1, 4]  [1, 8]  
--------------------------------
Costul drumului: 39     Costul mutarii: 16

7)
				[2, 3]  		
[4, 19]  		[2, 4]  [3, 5]  
[4, 20]  [5, 9]  [1, 4]  [1, 8]  
--------------------------------
Costul drumului: 54     Costul mutarii: 15

Drum de lungime: 7
Costul total: 54
Timpul de executie: 225.9924 ms | 0.2260 s
Numarul maxim de noduri existente in memorie: 8
Numarul total de noduri calculate: 51

################################################ 

Solutia nr 2: 
0)
[1, 4]  [4, 19]  				
[2, 3]  [4, 20]  		[2, 4]  
[3, 5]  [5, 9]  		[1, 8]  
--------------------------------
Costul drumului: 0     Costul mutarii: 0

1)
		[4, 19]  				
[2, 3]  [4, 20]  		[2, 4]  
[3, 5]  [5, 9]  [1, 4]  [1, 8]  
--------------------------------
Costul drumului: 3     Costul mutarii: 3

2)
		[4, 19]  				
[2, 3]  [4, 20]  [2, 4]  		
[3, 5]  [5, 9]  [1, 4]  [1, 8]  
--------------------------------
Costul drumului: 5     Costul mutarii: 2

3)
		[4, 19]  [2, 3]  		
		[4, 20]  [2, 4]  		
[3, 5]  [5, 9]  [1, 4]  [1, 8]  
--------------------------------
Costul drumului: 6     Costul mutarii: 1

4)
		[4, 19]  [2, 3]  		
		[4, 20]  [2, 4]  [3, 5]  
		[5, 9]  [1, 4]  [1, 8]  
--------------------------------
Costul drumului: 8     Costul mutarii: 2

5)
				[2, 3]  [4, 19]  
		[4, 20]  [2, 4]  [3, 5]  
		[5, 9]  [1, 4]  [1, 8]  
--------------------------------
Costul drumului: 23     Costul mutarii: 15

6)
				[2, 3]  [4, 19]  
				[2, 4]  [3, 5]  
[4, 20]  [5, 9]  [1, 4]  [1, 8]  
--------------------------------
Costul drumului: 39     Costul mutarii: 16

7)
				[2, 3]  		
[4, 19]  		[2, 4]  [3, 5]  
[4, 20]  [5, 9]  [1, 4]  [1, 8]  
--------------------------------
Costul drumului: 54     Costul mutarii: 15

Drum de lungime: 7
Costul total: 54
Timpul de executie: 416.9917 ms | 0.4170 s
Numarul maxim de noduri existente in memorie: 8
Numarul total de noduri calculate: 51

################################################ 

Solutia nr 3: 
0)
[1, 4]  [4, 19]  				
[2, 3]  [4, 20]  		[2, 4]  
[3, 5]  [5, 9]  		[1, 8]  
--------------------------------
Costul drumului: 0     Costul mutarii: 0

1)
		[4, 19]  				
[2, 3]  [4, 20]  		[2, 4]  
[3, 5]  [5, 9]  [1, 4]  [1, 8]  
--------------------------------
Costul drumului: 3     Costul mutarii: 3

2)
		[4, 19]  				
[2, 3]  [4, 20]  [2, 4]  		
[3, 5]  [5, 9]  [1, 4]  [1, 8]  
--------------------------------
Costul drumului: 5     Costul mutarii: 2

3)
		[4, 19]  				
		[4, 20]  [2, 4]  [2, 3]  
[3, 5]  [5, 9]  [1, 4]  [1, 8]  
--------------------------------
Costul drumului: 6     Costul mutarii: 1

4)
		[4, 19]  [2, 3]  		
		[4, 20]  [2, 4]  		
[3, 5]  [5, 9]  [1, 4]  [1, 8]  
--------------------------------
Costul drumului: 7     Costul mutarii: 1

5)
		[4, 19]  [2, 3]  		
		[4, 20]  [2, 4]  [3, 5]  
		[5, 9]  [1, 4]  [1, 8]  
--------------------------------
Costul drumului: 9     Costul mutarii: 2

6)
				[2, 3]  [4, 19]  
		[4, 20]  [2, 4]  [3, 5]  
		[5, 9]  [1, 4]  [1, 8]  
--------------------------------
Costul drumului: 24     Costul mutarii: 15

7)
				[2, 3]  [4, 19]  
				[2, 4]  [3, 5]  
[4, 20]  [5, 9]  [1, 4]  [1, 8]  
--------------------------------
Costul drumului: 40     Costul mutarii: 16

8)
				[2, 3]  		
[4, 19]  		[2, 4]  [3, 5]  
[4, 20]  [5, 9]  [1, 4]  [1, 8]  
--------------------------------
Costul drumului: 55     Costul mutarii: 15

Drum de lungime: 8
Costul total: 55
Timpul de executie: 440.9895 ms | 0.4410 s
Numarul maxim de noduri existente in memorie: 9
Numarul total de noduri calculate: 59

################################################ 

