Metoda IDA_star
Numarul de solutii generate: 3

Solutia nr 1: 
0)
[6, 14]  						
[2, 4]  [3, 6]  [2, 8]  		
[2, 11]  [2, 8]  [5, 10]  		
[1, 9]  [2, 5]  [9, 11]  [1, 9]  
--------------------------------
Costul drumului: 0     Costul mutarii: 0

1)
[6, 14]  		[3, 6]  		
[2, 4]  		[2, 8]  		
[2, 11]  [2, 8]  [5, 10]  		
[1, 9]  [2, 5]  [9, 11]  [1, 9]  
--------------------------------
Costul drumului: 3     Costul mutarii: 3

2)
[6, 14]  		[3, 6]  		
[2, 4]  		[2, 8]  		
[2, 11]  		[5, 10]  [2, 8]  
[1, 9]  [2, 5]  [9, 11]  [1, 9]  
--------------------------------
Costul drumului: 9     Costul mutarii: 6

3)
[6, 14]  		[3, 6]  		
[2, 4]  		[2, 8]  [2, 5]  
[2, 11]  		[5, 10]  [2, 8]  
[1, 9]  		[9, 11]  [1, 9]  
--------------------------------
Costul drumului: 12     Costul mutarii: 3

4)
				[3, 6]  		
[2, 4]  		[2, 8]  [2, 5]  
[2, 11]  		[5, 10]  [2, 8]  
[1, 9]  [6, 14]  [9, 11]  [1, 9]  
--------------------------------
Costul drumului: 20     Costul mutarii: 8

5)
				[3, 6]  [2, 4]  
				[2, 8]  [2, 5]  
[2, 11]  		[5, 10]  [2, 8]  
[1, 9]  [6, 14]  [9, 11]  [1, 9]  
--------------------------------
Costul drumului: 22     Costul mutarii: 2

6)
						[2, 11]  
				[3, 6]  [2, 4]  
				[2, 8]  [2, 5]  
				[5, 10]  [2, 8]  
[1, 9]  [6, 14]  [9, 11]  [1, 9]  
--------------------------------
Costul drumului: 31     Costul mutarii: 9

7)
						[2, 11]  
						[2, 4]  
				[2, 8]  [2, 5]  
		[3, 6]  [5, 10]  [2, 8]  
[1, 9]  [6, 14]  [9, 11]  [1, 9]  
--------------------------------
Costul drumului: 34     Costul mutarii: 3

8)
						[2, 11]  
						[2, 4]  
						[2, 5]  
[2, 8]  [3, 6]  [5, 10]  [2, 8]  
[1, 9]  [6, 14]  [9, 11]  [1, 9]  
--------------------------------
Costul drumului: 40     Costul mutarii: 6

9)
						[2, 11]  
						[2, 4]  
[3, 6]  				[2, 5]  
[2, 8]  		[5, 10]  [2, 8]  
[1, 9]  [6, 14]  [9, 11]  [1, 9]  
--------------------------------
Costul drumului: 43     Costul mutarii: 3

10)
						[2, 11]  
[5, 10]  				[2, 4]  
[3, 6]  				[2, 5]  
[2, 8]  				[2, 8]  
[1, 9]  [6, 14]  [9, 11]  [1, 9]  
--------------------------------
Costul drumului: 48     Costul mutarii: 5

11)
						[2, 11]  
[5, 10]  				[2, 4]  
[3, 6]  				[2, 5]  
[2, 8]  [9, 11]  		[2, 8]  
[1, 9]  [6, 14]  		[1, 9]  
--------------------------------
Costul drumului: 50     Costul mutarii: 2

12)
[5, 10]  				[2, 4]  
[3, 6]  				[2, 5]  
[2, 8]  [9, 11]  		[2, 8]  
[1, 9]  [6, 14]  [2, 11]  [1, 9]  
--------------------------------
Costul drumului: 59     Costul mutarii: 9

13)
						[2, 4]  
[3, 6]  				[2, 5]  
[2, 8]  [9, 11]  [5, 10]  [2, 8]  
[1, 9]  [6, 14]  [2, 11]  [1, 9]  
--------------------------------
Costul drumului: 64     Costul mutarii: 5

Drum de lungime: 13
Costul total: 64
Timpul de executie: 4625.9940 ms | 4.6260 s
Numarul maxim de noduri existente in memorie: 14
Numarul total de noduri calculate: 125

################################################ 

Solutia nr 2: 
0)
[6, 14]  						
[2, 4]  [3, 6]  [2, 8]  		
[2, 11]  [2, 8]  [5, 10]  		
[1, 9]  [2, 5]  [9, 11]  [1, 9]  
--------------------------------
Costul drumului: 0     Costul mutarii: 0

1)
[6, 14]  		[3, 6]  		
[2, 4]  		[2, 8]  		
[2, 11]  [2, 8]  [5, 10]  		
[1, 9]  [2, 5]  [9, 11]  [1, 9]  
--------------------------------
Costul drumului: 3     Costul mutarii: 3

2)
[6, 14]  		[3, 6]  		
[2, 4]  		[2, 8]  		
[2, 11]  		[5, 10]  [2, 8]  
[1, 9]  [2, 5]  [9, 11]  [1, 9]  
--------------------------------
Costul drumului: 9     Costul mutarii: 6

3)
[6, 14]  		[3, 6]  		
[2, 4]  		[2, 8]  [2, 5]  
[2, 11]  		[5, 10]  [2, 8]  
[1, 9]  		[9, 11]  [1, 9]  
--------------------------------
Costul drumului: 12     Costul mutarii: 3

4)
				[3, 6]  		
[2, 4]  		[2, 8]  [2, 5]  
[2, 11]  		[5, 10]  [2, 8]  
[1, 9]  [6, 14]  [9, 11]  [1, 9]  
--------------------------------
Costul drumului: 20     Costul mutarii: 8

5)
				[3, 6]  [2, 4]  
				[2, 8]  [2, 5]  
[2, 11]  		[5, 10]  [2, 8]  
[1, 9]  [6, 14]  [9, 11]  [1, 9]  
--------------------------------
Costul drumului: 22     Costul mutarii: 2

6)
						[2, 11]  
				[3, 6]  [2, 4]  
				[2, 8]  [2, 5]  
				[5, 10]  [2, 8]  
[1, 9]  [6, 14]  [9, 11]  [1, 9]  
--------------------------------
Costul drumului: 31     Costul mutarii: 9

7)
						[3, 6]  
						[2, 11]  
						[2, 4]  
				[2, 8]  [2, 5]  
				[5, 10]  [2, 8]  
[1, 9]  [6, 14]  [9, 11]  [1, 9]  
--------------------------------
Costul drumului: 34     Costul mutarii: 3

8)
						[3, 6]  
						[2, 11]  
						[2, 4]  
						[2, 5]  
[2, 8]  		[5, 10]  [2, 8]  
[1, 9]  [6, 14]  [9, 11]  [1, 9]  
--------------------------------
Costul drumului: 40     Costul mutarii: 6

9)
						[2, 11]  
						[2, 4]  
[3, 6]  				[2, 5]  
[2, 8]  		[5, 10]  [2, 8]  
[1, 9]  [6, 14]  [9, 11]  [1, 9]  
--------------------------------
Costul drumului: 43     Costul mutarii: 3

10)
						[2, 11]  
[5, 10]  				[2, 4]  
[3, 6]  				[2, 5]  
[2, 8]  				[2, 8]  
[1, 9]  [6, 14]  [9, 11]  [1, 9]  
--------------------------------
Costul drumului: 48     Costul mutarii: 5

11)
						[2, 11]  
[5, 10]  				[2, 4]  
[3, 6]  				[2, 5]  
[2, 8]  [9, 11]  		[2, 8]  
[1, 9]  [6, 14]  		[1, 9]  
--------------------------------
Costul drumului: 50     Costul mutarii: 2

12)
[5, 10]  				[2, 4]  
[3, 6]  				[2, 5]  
[2, 8]  [9, 11]  		[2, 8]  
[1, 9]  [6, 14]  [2, 11]  [1, 9]  
--------------------------------
Costul drumului: 59     Costul mutarii: 9

13)
						[2, 4]  
[3, 6]  				[2, 5]  
[2, 8]  [9, 11]  [5, 10]  [2, 8]  
[1, 9]  [6, 14]  [2, 11]  [1, 9]  
--------------------------------
Costul drumului: 64     Costul mutarii: 5

Drum de lungime: 13
Costul total: 64
Timpul de executie: 4656.9932 ms | 4.6570 s
Numarul maxim de noduri existente in memorie: 14
Numarul total de noduri calculate: 125

################################################ 

Solutia nr 3: 
0)
[6, 14]  						
[2, 4]  [3, 6]  [2, 8]  		
[2, 11]  [2, 8]  [5, 10]  		
[1, 9]  [2, 5]  [9, 11]  [1, 9]  
--------------------------------
Costul drumului: 0     Costul mutarii: 0

1)
[6, 14]  		[3, 6]  		
[2, 4]  		[2, 8]  		
[2, 11]  [2, 8]  [5, 10]  		
[1, 9]  [2, 5]  [9, 11]  [1, 9]  
--------------------------------
Costul drumului: 3     Costul mutarii: 3

2)
[6, 14]  		[3, 6]  		
[2, 4]  		[2, 8]  		
[2, 11]  		[5, 10]  [2, 8]  
[1, 9]  [2, 5]  [9, 11]  [1, 9]  
--------------------------------
Costul drumului: 9     Costul mutarii: 6

3)
[6, 14]  		[3, 6]  		
[2, 4]  		[2, 8]  [2, 5]  
[2, 11]  		[5, 10]  [2, 8]  
[1, 9]  		[9, 11]  [1, 9]  
--------------------------------
Costul drumului: 12     Costul mutarii: 3

4)
				[3, 6]  		
[2, 4]  		[2, 8]  [2, 5]  
[2, 11]  		[5, 10]  [2, 8]  
[1, 9]  [6, 14]  [9, 11]  [1, 9]  
--------------------------------
Costul drumului: 20     Costul mutarii: 8

5)
				[3, 6]  [2, 4]  
				[2, 8]  [2, 5]  
[2, 11]  		[5, 10]  [2, 8]  
[1, 9]  [6, 14]  [9, 11]  [1, 9]  
--------------------------------
Costul drumului: 22     Costul mutarii: 2

6)
						[2, 4]  
				[2, 8]  [2, 5]  
[2, 11]  [3, 6]  [5, 10]  [2, 8]  
[1, 9]  [6, 14]  [9, 11]  [1, 9]  
--------------------------------
Costul drumului: 25     Costul mutarii: 3

7)
						[2, 11]  
						[2, 4]  
				[2, 8]  [2, 5]  
		[3, 6]  [5, 10]  [2, 8]  
[1, 9]  [6, 14]  [9, 11]  [1, 9]  
--------------------------------
Costul drumului: 34     Costul mutarii: 9

8)
						[2, 11]  
						[2, 4]  
						[2, 5]  
[2, 8]  [3, 6]  [5, 10]  [2, 8]  
[1, 9]  [6, 14]  [9, 11]  [1, 9]  
--------------------------------
Costul drumului: 40     Costul mutarii: 6

9)
						[2, 11]  
						[2, 4]  
[3, 6]  				[2, 5]  
[2, 8]  		[5, 10]  [2, 8]  
[1, 9]  [6, 14]  [9, 11]  [1, 9]  
--------------------------------
Costul drumului: 43     Costul mutarii: 3

10)
						[2, 11]  
[5, 10]  				[2, 4]  
[3, 6]  				[2, 5]  
[2, 8]  				[2, 8]  
[1, 9]  [6, 14]  [9, 11]  [1, 9]  
--------------------------------
Costul drumului: 48     Costul mutarii: 5

11)
						[2, 11]  
[5, 10]  				[2, 4]  
[3, 6]  				[2, 5]  
[2, 8]  [9, 11]  		[2, 8]  
[1, 9]  [6, 14]  		[1, 9]  
--------------------------------
Costul drumului: 50     Costul mutarii: 2

12)
[5, 10]  				[2, 4]  
[3, 6]  				[2, 5]  
[2, 8]  [9, 11]  		[2, 8]  
[1, 9]  [6, 14]  [2, 11]  [1, 9]  
--------------------------------
Costul drumului: 59     Costul mutarii: 9

13)
						[2, 4]  
[3, 6]  				[2, 5]  
[2, 8]  [9, 11]  [5, 10]  [2, 8]  
[1, 9]  [6, 14]  [2, 11]  [1, 9]  
--------------------------------
Costul drumului: 64     Costul mutarii: 5

Drum de lungime: 13
Costul total: 64
Timpul de executie: 4739.9936 ms | 4.7400 s
Numarul maxim de noduri existente in memorie: 14
Numarul total de noduri calculate: 125

################################################ 

