Metoda Greedy
Numarul de solutii generate: 3

Solutia nr 1: 
0)
[3, 8]  				
[4, 5]  		[3, 4]  
[1, 2]  		[2, 5]  
------------------------
Costul drumului: 0     Costul mutarii: 0

1)
[4, 5]  		[3, 4]  
[1, 2]  [3, 8]  [2, 5]  
------------------------
Costul drumului: 5     Costul mutarii: 5

2)
		[4, 5]  [3, 4]  
[1, 2]  [3, 8]  [2, 5]  
------------------------
Costul drumului: 6     Costul mutarii: 1

Drum de lungime: 2
Costul total: 6
Timpul de executie: 25.9998 ms | 0.0260 s
Numarul maxim de noduri existente in memorie: 36
Numarul total de noduri calculate: 51

#################################### 

Solutia nr 2: 
0)
[3, 8]  				
[4, 5]  		[3, 4]  
[1, 2]  		[2, 5]  
------------------------
Costul drumului: 0     Costul mutarii: 0

1)
[4, 5]  		[3, 4]  
[1, 2]  [3, 8]  [2, 5]  
------------------------
Costul drumului: 5     Costul mutarii: 5

2)
[4, 5]  [3, 4]  		
[1, 2]  [3, 8]  [2, 5]  
------------------------
Costul drumului: 6     Costul mutarii: 1

3)
		[3, 4]  [4, 5]  
[1, 2]  [3, 8]  [2, 5]  
------------------------
Costul drumului: 7     Costul mutarii: 1

Drum de lungime: 3
Costul total: 7
Timpul de executie: 41.9936 ms | 0.0420 s
Numarul maxim de noduri existente in memorie: 76
Numarul total de noduri calculate: 113

#################################### 

Solutia nr 3: 
0)
[3, 8]  				
[4, 5]  		[3, 4]  
[1, 2]  		[2, 5]  
------------------------
Costul drumului: 0     Costul mutarii: 0

1)
[4, 5]  		[3, 4]  
[1, 2]  [3, 8]  [2, 5]  
------------------------
Costul drumului: 5     Costul mutarii: 5

2)
				[4, 5]  
				[3, 4]  
[1, 2]  [3, 8]  [2, 5]  
------------------------
Costul drumului: 6     Costul mutarii: 1

3)
		[4, 5]  [3, 4]  
[1, 2]  [3, 8]  [2, 5]  
------------------------
Costul drumului: 7     Costul mutarii: 1

Drum de lungime: 3
Costul total: 7
Timpul de executie: 45.9938 ms | 0.0460 s
Numarul maxim de noduri existente in memorie: 86
Numarul total de noduri calculate: 130

#################################### 

