Metoda A_star
Numarul de solutii generate: 3

Solutia nr 1: 
0)
[3, 8]  				
[4, 5]  		[3, 4]  
[1, 2]  		[2, 5]  
------------------------
Costul drumului: 0     Costul mutarii: 0

1)
[4, 5]  		[3, 4]  
[1, 2]  [3, 8]  [2, 5]  
------------------------
Costul drumului: 5     Costul mutarii: 5

2)
		[4, 5]  [3, 4]  
[1, 2]  [3, 8]  [2, 5]  
------------------------
Costul drumului: 6     Costul mutarii: 1

Drum de lungime: 2
Costul total: 6
Timpul de executie: 23.9961 ms | 0.0240 s
Numarul maxim de noduri existente in memorie: 32
Numarul total de noduri calculate: 45

#################################### 

Solutia nr 2: 
0)
[3, 8]  				
[4, 5]  		[3, 4]  
[1, 2]  		[2, 5]  
------------------------
Costul drumului: 0     Costul mutarii: 0

1)
[4, 5]  		[3, 4]  
[1, 2]  [3, 8]  [2, 5]  
------------------------
Costul drumului: 5     Costul mutarii: 5

2)
				[4, 5]  
				[3, 4]  
[1, 2]  [3, 8]  [2, 5]  
------------------------
Costul drumului: 6     Costul mutarii: 1

3)
		[4, 5]  [3, 4]  
[1, 2]  [3, 8]  [2, 5]  
------------------------
Costul drumului: 7     Costul mutarii: 1

Drum de lungime: 3
Costul total: 7
Timpul de executie: 35.9898 ms | 0.0360 s
Numarul maxim de noduri existente in memorie: 45
Numarul total de noduri calculate: 67

#################################### 

Solutia nr 3: 
0)
[3, 8]  				
[4, 5]  		[3, 4]  
[1, 2]  		[2, 5]  
------------------------
Costul drumului: 0     Costul mutarii: 0

1)
[4, 5]  		[3, 4]  
[1, 2]  [3, 8]  [2, 5]  
------------------------
Costul drumului: 5     Costul mutarii: 5

2)
[4, 5]  [3, 4]  		
[1, 2]  [3, 8]  [2, 5]  
------------------------
Costul drumului: 6     Costul mutarii: 1

3)
		[3, 4]  [4, 5]  
[1, 2]  [3, 8]  [2, 5]  
------------------------
Costul drumului: 7     Costul mutarii: 1

Drum de lungime: 3
Costul total: 7
Timpul de executie: 43.9880 ms | 0.0440 s
Numarul maxim de noduri existente in memorie: 56
Numarul total de noduri calculate: 84

#################################### 

