Metoda BFS
Numarul de solutii generate: 3

Solutia nr 1: 
0)
[3, 5]  				[3, 4]  
[2, 4]  [4, 8]  		[2, 3]  
[1, 5]  [3, 9]  		[1, 8]  
--------------------------------

1)
						[3, 4]  
[2, 4]  [4, 8]  		[2, 3]  
[1, 5]  [3, 9]  [3, 5]  [1, 8]  
--------------------------------

Drum de lungime: 1
Timpul de executie: 7.9989 ms | 0.0080 s
Numarul maxim de noduri existente in memorie: 16
Numarul total de noduri calculate: 17

################################################ 

Solutia nr 2: 
0)
[3, 5]  				[3, 4]  
[2, 4]  [4, 8]  		[2, 3]  
[1, 5]  [3, 9]  		[1, 8]  
--------------------------------

1)
						[3, 4]  
[2, 4]  [4, 8]  		[2, 3]  
[1, 5]  [3, 9]  [3, 5]  [1, 8]  
--------------------------------

Drum de lungime: 1
Timpul de executie: 7.9989 ms | 0.0080 s
Numarul maxim de noduri existente in memorie: 16
Numarul total de noduri calculate: 17

################################################ 

Solutia nr 3: 
0)
[3, 5]  				[3, 4]  
[2, 4]  [4, 8]  		[2, 3]  
[1, 5]  [3, 9]  		[1, 8]  
--------------------------------

1)
		[3, 5]  		[3, 4]  
[2, 4]  [4, 8]  		[2, 3]  
[1, 5]  [3, 9]  		[1, 8]  
--------------------------------

2)
						[3, 4]  
[2, 4]  [4, 8]  		[2, 3]  
[1, 5]  [3, 9]  [3, 5]  [1, 8]  
--------------------------------

Drum de lungime: 2
Timpul de executie: 61.0104 ms | 0.0610 s
Numarul maxim de noduri existente in memorie: 99
Numarul total de noduri calculate: 113

################################################ 

