Metoda BFS
Numarul de solutii generate: 3

Solutia nr 1: 
0)
[1, 4]  [4, 19]  				
[2, 3]  [4, 20]  		[2, 4]  
[3, 5]  [5, 9]  		[1, 8]  
--------------------------------

1)
[4, 19]  						
[1, 4]  						
[2, 3]  [4, 20]  		[2, 4]  
[3, 5]  [5, 9]  		[1, 8]  
--------------------------------

2)
[4, 19]  						
[1, 4]  						
[2, 3]  				[2, 4]  
[3, 5]  [5, 9]  [4, 20]  [1, 8]  
--------------------------------

3)
[1, 4]  						
[2, 3]  		[4, 19]  [2, 4]  
[3, 5]  [5, 9]  [4, 20]  [1, 8]  
--------------------------------

4)
[1, 4]  		[5, 9]  		
[2, 3]  		[4, 19]  [2, 4]  
[3, 5]  		[4, 20]  [1, 8]  
--------------------------------

5)
				[5, 9]  		
[2, 3]  		[4, 19]  [2, 4]  
[3, 5]  [1, 4]  [4, 20]  [1, 8]  
--------------------------------

Drum de lungime: 5
Timpul de executie: 16347.9843 ms | 16.3480 s
Numarul maxim de noduri existente in memorie: 120897
Numarul total de noduri calculate: 139154

################################################ 

Solutia nr 2: 
0)
[1, 4]  [4, 19]  				
[2, 3]  [4, 20]  		[2, 4]  
[3, 5]  [5, 9]  		[1, 8]  
--------------------------------

1)
[4, 19]  						
[1, 4]  						
[2, 3]  [4, 20]  		[2, 4]  
[3, 5]  [5, 9]  		[1, 8]  
--------------------------------

2)
[4, 19]  						
[1, 4]  						
[2, 3]  				[2, 4]  
[3, 5]  [5, 9]  [4, 20]  [1, 8]  
--------------------------------

3)
[1, 4]  						
[2, 3]  		[4, 19]  [2, 4]  
[3, 5]  [5, 9]  [4, 20]  [1, 8]  
--------------------------------

4)
[1, 4]  		[5, 9]  		
[2, 3]  		[4, 19]  [2, 4]  
[3, 5]  		[4, 20]  [1, 8]  
--------------------------------

5)
				[5, 9]  		
[2, 3]  		[4, 19]  [2, 4]  
[3, 5]  [1, 4]  [4, 20]  [1, 8]  
--------------------------------

Drum de lungime: 5
Timpul de executie: 16347.9843 ms | 16.3480 s
Numarul maxim de noduri existente in memorie: 120897
Numarul total de noduri calculate: 139154

################################################ 

Solutia nr 3: 
0)
[1, 4]  [4, 19]  				
[2, 3]  [4, 20]  		[2, 4]  
[3, 5]  [5, 9]  		[1, 8]  
--------------------------------

1)
[1, 4]  				[4, 19]  
[2, 3]  [4, 20]  		[2, 4]  
[3, 5]  [5, 9]  		[1, 8]  
--------------------------------

2)
[1, 4]  				[4, 19]  
[2, 3]  				[2, 4]  
[3, 5]  [5, 9]  [4, 20]  [1, 8]  
--------------------------------

3)
[1, 4]  						
[2, 3]  		[4, 19]  [2, 4]  
[3, 5]  [5, 9]  [4, 20]  [1, 8]  
--------------------------------

4)
[1, 4]  		[5, 9]  		
[2, 3]  		[4, 19]  [2, 4]  
[3, 5]  		[4, 20]  [1, 8]  
--------------------------------

5)
				[5, 9]  		
[2, 3]  		[4, 19]  [2, 4]  
[3, 5]  [1, 4]  [4, 20]  [1, 8]  
--------------------------------

Drum de lungime: 5
Timpul de executie: 24920.9874 ms | 24.9210 s
Numarul maxim de noduri existente in memorie: 180485
Numarul total de noduri calculate: 208272

################################################ 

