Metoda DFS
Numarul de solutii generate: 3

Solutia nr 1: 
0)
[3, 8]  				
[4, 5]  		[3, 4]  
[1, 2]  		[2, 5]  
------------------------

1)
[4, 5]  		[3, 4]  
[1, 2]  [3, 8]  [2, 5]  
------------------------

2)
		[4, 5]  [3, 4]  
[1, 2]  [3, 8]  [2, 5]  
------------------------

Drum de lungime: 2
Timpul de executie: 2.9995 ms | 0.0030 s
Numarul maxim de noduri existente in memorie: 3
Numarul total de noduri calculate: 9

#################################### 

Solutia nr 2: 
0)
[3, 8]  				
[4, 5]  		[3, 4]  
[1, 2]  		[2, 5]  
------------------------

1)
[4, 5]  		[3, 4]  
[1, 2]  [3, 8]  [2, 5]  
------------------------

2)
				[4, 5]  
				[3, 4]  
[1, 2]  [3, 8]  [2, 5]  
------------------------

3)
				[3, 8]  
				[4, 5]  
				[3, 4]  
[1, 2]  		[2, 5]  
------------------------

4)
				[3, 8]  
				[4, 5]  
				[3, 4]  
		[1, 2]  [2, 5]  
------------------------

5)
				[4, 5]  
				[3, 4]  
[3, 8]  [1, 2]  [2, 5]  
------------------------

6)
[4, 5]  		[3, 4]  
[3, 8]  [1, 2]  [2, 5]  
------------------------

Drum de lungime: 6
Timpul de executie: 5.9996 ms | 0.0060 s
Numarul maxim de noduri existente in memorie: 7
Numarul total de noduri calculate: 14

#################################### 

Solutia nr 3: 
0)
[3, 8]  				
[4, 5]  		[3, 4]  
[1, 2]  		[2, 5]  
------------------------

1)
[4, 5]  		[3, 4]  
[1, 2]  [3, 8]  [2, 5]  
------------------------

2)
				[4, 5]  
				[3, 4]  
[1, 2]  [3, 8]  [2, 5]  
------------------------

3)
		[4, 5]  [3, 4]  
[1, 2]  [3, 8]  [2, 5]  
------------------------

Drum de lungime: 3
Timpul de executie: 5.9996 ms | 0.0060 s
Numarul maxim de noduri existente in memorie: 4
Numarul total de noduri calculate: 11

#################################### 

