Metoda A_star
Numarul de solutii generate: 3

Solutia nr 1: 
0)
[3, 5]  				[3, 4]  
[2, 4]  [4, 8]  		[2, 3]  
[1, 5]  [3, 9]  		[1, 8]  
--------------------------------
Costul drumului: 0     Costul mutarii: 0

1)
						[3, 4]  
[2, 4]  [4, 8]  		[2, 3]  
[1, 5]  [3, 9]  [3, 5]  [1, 8]  
--------------------------------
Costul drumului: 2     Costul mutarii: 2

2)
[3, 4]  						
[2, 4]  [4, 8]  		[2, 3]  
[1, 5]  [3, 9]  [3, 5]  [1, 8]  
--------------------------------
Costul drumului: 3     Costul mutarii: 1

Drum de lungime: 2
Costul total: 3
Timpul de executie: 8.9991 ms | 0.0090 s
Numarul maxim de noduri existente in memorie: 19
Numarul total de noduri calculate: 20

################################################ 

Solutia nr 2: 
0)
[3, 5]  				[3, 4]  
[2, 4]  [4, 8]  		[2, 3]  
[1, 5]  [3, 9]  		[1, 8]  
--------------------------------
Costul drumului: 0     Costul mutarii: 0

1)
						[3, 4]  
[2, 4]  [4, 8]  		[2, 3]  
[1, 5]  [3, 9]  [3, 5]  [1, 8]  
--------------------------------
Costul drumului: 2     Costul mutarii: 2

2)
[2, 4]  [4, 8]  [3, 4]  [2, 3]  
[1, 5]  [3, 9]  [3, 5]  [1, 8]  
--------------------------------
Costul drumului: 3     Costul mutarii: 1

Drum de lungime: 2
Costul total: 3
Timpul de executie: 8.9991 ms | 0.0090 s
Numarul maxim de noduri existente in memorie: 19
Numarul total de noduri calculate: 20

################################################ 

Solutia nr 3: 
0)
[3, 5]  				[3, 4]  
[2, 4]  [4, 8]  		[2, 3]  
[1, 5]  [3, 9]  		[1, 8]  
--------------------------------
Costul drumului: 0     Costul mutarii: 0

1)
						[3, 4]  
[2, 4]  [4, 8]  		[2, 3]  
[1, 5]  [3, 9]  [3, 5]  [1, 8]  
--------------------------------
Costul drumului: 2     Costul mutarii: 2

2)
		[3, 4]  				
[2, 4]  [4, 8]  		[2, 3]  
[1, 5]  [3, 9]  [3, 5]  [1, 8]  
--------------------------------
Costul drumului: 3     Costul mutarii: 1

3)
[3, 4]  						
[2, 4]  [4, 8]  		[2, 3]  
[1, 5]  [3, 9]  [3, 5]  [1, 8]  
--------------------------------
Costul drumului: 4     Costul mutarii: 1

Drum de lungime: 3
Costul total: 4
Timpul de executie: 19.9914 ms | 0.0200 s
Numarul maxim de noduri existente in memorie: 35
Numarul total de noduri calculate: 40

################################################ 

